<?xml version="1.0" encoding="UTF-8"?>
<!-- Generated by org.testng.reporters.JUnitXMLReporter -->
<testsuite hostname="DELL-PC" ignored="0" name="Regression Suite" tests="6" failures="0" timestamp="2020-01-28T12:40:21 IST" time="84.621" errors="0">
  <testcase name="LoginPageTitleCheck" time="0.063" classname="com.testAutomationTest.QA.testCases.LoginTest"/>
  <testcase name="LoginPageUserLogin" time="4.921" classname="com.testAutomationTest.QA.testCases.LoginTest"/>
  <testcase name="checkUserNameonBalance" time="2.422" classname="com.testAutomationTest.QA.testCases.BalanceTest"/>
  <testcase name="checkforCorrectUsername" time="1.52" classname="com.testAutomationTest.QA.testCases.BalanceTest"/>
  <testcase name="verifyAvailableAmount" time="1.672" classname="com.testAutomationTest.QA.testCases.BalanceTest"/>
  <testcase name="VerifyMyProfileTitle" time="0.018" classname="com.testAutomationTest.QA.testCases.MyProfileTest"/>
</testsuite> <!-- Regression Suite -->
