<?xml version="1.0" encoding="UTF-8"?>
<!-- Generated by org.testng.reporters.JUnitXMLReporter -->
<testsuite hostname="DELL-PC" ignored="0" name="Sanity Suite" tests="2" failures="0" timestamp="2020-01-28T18:12:44 IST" time="20.608" errors="0">
  <testcase name="LoginPageTitleCheck" time="0.058" classname="com.testAutomationTest.QA.testCases.LoginTest"/>
  <testcase name="LoginPageUserLogin" time="0.361" classname="com.testAutomationTest.QA.testCases.LoginTest"/>
</testsuite> <!-- Sanity Suite -->
