<?xml version="1.0" encoding="UTF-8"?>
<testng-results skipped="0" failed="0" ignored="0" total="2" passed="2">
  <reporter-output>
  </reporter-output>
  <suite name="Automation Suite FTRPoker" duration-ms="20608" started-at="2020-01-28T18:12:23 IST" finished-at="2020-01-28T18:12:44 IST">
    <groups>
    </groups>
    <test name="Sanity Suite" duration-ms="20608" started-at="2020-01-28T18:12:23 IST" finished-at="2020-01-28T18:12:44 IST">
      <class name="com.testAutomationTest.QA.testCases.LoginTest">
        <test-method status="PASS" signature="setup()[pri:0, instance:com.testAutomationTest.QA.testCases.LoginTest@64729b1e]" name="setup" is-config="true" duration-ms="10878" started-at="2020-01-28T18:12:23 IST" finished-at="2020-01-28T18:12:34 IST">
          <reporter-output>
          </reporter-output>
        </test-method> <!-- setup -->
        <test-method status="PASS" signature="LoginPageTitleCheck()[pri:1, instance:com.testAutomationTest.QA.testCases.LoginTest@64729b1e]" name="LoginPageTitleCheck" duration-ms="58" started-at="2020-01-28T18:12:34 IST" finished-at="2020-01-28T18:12:34 IST">
          <reporter-output>
          </reporter-output>
        </test-method> <!-- LoginPageTitleCheck -->
        <test-method status="PASS" signature="tearDown()[pri:0, instance:com.testAutomationTest.QA.testCases.LoginTest@64729b1e]" name="tearDown" is-config="true" duration-ms="652" started-at="2020-01-28T18:12:34 IST" finished-at="2020-01-28T18:12:35 IST">
          <reporter-output>
          </reporter-output>
        </test-method> <!-- tearDown -->
        <test-method status="PASS" signature="setup()[pri:0, instance:com.testAutomationTest.QA.testCases.LoginTest@64729b1e]" name="setup" is-config="true" duration-ms="7929" started-at="2020-01-28T18:12:35 IST" finished-at="2020-01-28T18:12:43 IST">
          <reporter-output>
          </reporter-output>
        </test-method> <!-- setup -->
        <test-method status="PASS" signature="LoginPageUserLogin()[pri:2, instance:com.testAutomationTest.QA.testCases.LoginTest@64729b1e]" name="LoginPageUserLogin" duration-ms="361" started-at="2020-01-28T18:12:43 IST" finished-at="2020-01-28T18:12:43 IST">
          <reporter-output>
          </reporter-output>
        </test-method> <!-- LoginPageUserLogin -->
        <test-method status="PASS" signature="tearDown()[pri:0, instance:com.testAutomationTest.QA.testCases.LoginTest@64729b1e]" name="tearDown" is-config="true" duration-ms="634" started-at="2020-01-28T18:12:43 IST" finished-at="2020-01-28T18:12:44 IST">
          <reporter-output>
          </reporter-output>
        </test-method> <!-- tearDown -->
      </class> <!-- com.testAutomationTest.QA.testCases.LoginTest -->
    </test> <!-- Sanity Suite -->
  </suite> <!-- Automation Suite FTRPoker -->
</testng-results>
